# JRE version: Java(TM) SE Runtime Environment (8.0_101-b13) (build 1.8.0_101-b13)
# Java VM: Java HotSpot(TM) 64-Bit Server VM (25.101-b13 mixed mode windows-amd64 compressed oops)
Heap:
 PSYoungGen      total 70656K, used 9878K [0x00000000d6200000, 0x00000000de780000, 0x0000000100000000)
  eden space 65536K, 7% used [0x00000000d6200000,0x00000000d66a6a60,0x00000000da200000)
  from space 5120K, 99% used [0x00000000da200000,0x00000000da6ff040,0x00000000da700000)
  to   space 12800K, 0% used [0x00000000ddb00000,0x00000000ddb00000,0x00000000de780000)
 ParOldGen       total 66048K, used 17783K [0x0000000082600000, 0x0000000086680000, 0x00000000d6200000)
  object space 66048K, 26% used [0x0000000082600000,0x000000008375dff0,0x0000000086680000)
 Metaspace       used 24190K, capacity 24527K, committed 24832K, reserved 1071104K
  class space    used 2925K, capacity 3043K, committed 3072K, reserved 1048576K
GC Heap History (10 events):
Event: 1.595 GC heap before
{Heap before GC invocations=4 (full 0):
 PSYoungGen      total 37888K, used 37856K [0x00000000d6200000, 0x00000000dac00000, 0x0000000100000000)
  eden space 32768K, 100% used [0x00000000d6200000,0x00000000d8200000,0x00000000d8200000)
  from space 5120K, 99% used [0x00000000d8200000,0x00000000d86f8020,0x00000000d8700000)
  to   space 5120K, 0% used [0x00000000da700000,0x00000000da700000,0x00000000dac00000)
 ParOldGen       total 86016K, used 6338K [0x0000000082600000, 0x0000000087a00000, 0x00000000d6200000)
  object space 86016K, 7% used [0x0000000082600000,0x0000000082c30958,0x0000000087a00000)
 Metaspace       used 16286K, capacity 16516K, committed 16896K, reserved 1064960K
  class space    used 1908K, capacity 1959K, committed 2048K, reserved 1048576K
Event: 1.606 GC heap after
Heap after GC invocations=4 (full 0):
 PSYoungGen      total 70656K, used 5097K [0x00000000d6200000, 0x00000000dac00000, 0x0000000100000000)
  eden space 65536K, 0% used [0x00000000d6200000,0x00000000d6200000,0x00000000da200000)
  from space 5120K, 99% used [0x00000000da700000,0x00000000dabfa6e8,0x00000000dac00000)
  to   space 5120K, 0% used [0x00000000da200000,0x00000000da200000,0x00000000da700000)
 ParOldGen       total 86016K, used 10080K [0x0000000082600000, 0x0000000087a00000, 0x00000000d6200000)
  object space 86016K, 11% used [0x0000000082600000,0x0000000082fd8208,0x0000000087a00000)
 Metaspace       used 16286K, capacity 16516K, committed 16896K, reserved 1064960K
  class space    used 1908K, capacity 1959K, committed 2048K, reserved 1048576K
}
Event: 2.120 GC heap before
{Heap before GC invocations=5 (full 0):
 PSYoungGen      total 70656K, used 70633K [0x00000000d6200000, 0x00000000dac00000, 0x0000000100000000)
  eden space 65536K, 100% used [0x00000000d6200000,0x00000000da200000,0x00000000da200000)
  from space 5120K, 99% used [0x00000000da700000,0x00000000dabfa6e8,0x00000000dac00000)
  to   space 5120K, 0% used [0x00000000da200000,0x00000000da200000,0x00000000da700000)
 ParOldGen       total 86016K, used 10080K [0x0000000082600000, 0x0000000087a00000, 0x00000000d6200000)
  object space 86016K, 11% used [0x0000000082600000,0x0000000082fd8208,0x0000000087a00000)
 Metaspace       used 20304K, capacity 20569K, committed 20736K, reserved 1067008K
  class space    used 2473K, capacity 2547K, committed 2560K, reserved 1048576K
Event: 2.133 GC heap after
Heap after GC invocations=5 (full 0):
 PSYoungGen      total 70656K, used 5088K [0x00000000d6200000, 0x00000000dac00000, 0x0000000100000000)
  eden space 65536K, 0% used [0x00000000d6200000,0x00000000d6200000,0x00000000da200000)
  from space 5120K, 99% used [0x00000000da200000,0x00000000da6f8020,0x00000000da700000)
  to   space 5120K, 0% used [0x00000000da700000,0x00000000da700000,0x00000000dac00000)
 ParOldGen       total 86016K, used 17499K [0x0000000082600000, 0x0000000087a00000, 0x00000000d6200000)
  object space 86016K, 20% used [0x0000000082600000,0x0000000083716ca0,0x0000000087a00000)
 Metaspace       used 20304K, capacity 20569K, committed 20736K, reserved 1067008K
  class space    used 2473K, capacity 2547K, committed 2560K, reserved 1048576K
}
Event: 2.165 GC heap before
{Heap before GC invocations=6 (full 0):
 PSYoungGen      total 70656K, used 7692K [0x00000000d6200000, 0x00000000dac00000, 0x0000000100000000)
  eden space 65536K, 3% used [0x00000000d6200000,0x00000000d648b0b8,0x00000000da200000)
  from space 5120K, 99% used [0x00000000da200000,0x00000000da6f8020,0x00000000da700000)
  to   space 5120K, 0% used [0x00000000da700000,0x00000000da700000,0x00000000dac00000)
 ParOldGen       total 86016K, used 17499K [0x0000000082600000, 0x0000000087a00000, 0x00000000d6200000)
  object space 86016K, 20% used [0x0000000082600000,0x0000000083716ca0,0x0000000087a00000)
 Metaspace       used 20769K, capacity 20985K, committed 21296K, reserved 1069056K
  class space    used 2519K, capacity 2579K, committed 2688K, reserved 1048576K
Event: 2.173 GC heap after
Heap after GC invocations=6 (full 0):
 PSYoungGen      total 70656K, used 5088K [0x00000000d6200000, 0x00000000dac00000, 0x0000000100000000)
  eden space 65536K, 0% used [0x00000000d6200000,0x00000000d6200000,0x00000000da200000)
  from space 5120K, 99% used [0x00000000da700000,0x00000000dabf8020,0x00000000dac00000)
  to   space 5120K, 0% used [0x00000000da200000,0x00000000da200000,0x00000000da700000)
 ParOldGen       total 86016K, used 17719K [0x0000000082600000, 0x0000000087a00000, 0x00000000d6200000)
  object space 86016K, 20% used [0x0000000082600000,0x000000008374deb0,0x0000000087a00000)
 Metaspace       used 20769K, capacity 20985K, committed 21296K, reserved 1069056K
  class space    used 2519K, capacity 2579K, committed 2688K, reserved 1048576K
}
Event: 2.173 GC heap before
{Heap before GC invocations=7 (full 1):
 PSYoungGen      total 70656K, used 5088K [0x00000000d6200000, 0x00000000dac00000, 0x0000000100000000)
  eden space 65536K, 0% used [0x00000000d6200000,0x00000000d6200000,0x00000000da200000)
  from space 5120K, 99% used [0x00000000da700000,0x00000000dabf8020,0x00000000dac00000)
  to   space 5120K, 0% used [0x00000000da200000,0x00000000da200000,0x00000000da700000)
 ParOldGen       total 86016K, used 17719K [0x0000000082600000, 0x0000000087a00000, 0x00000000d6200000)
  object space 86016K, 20% used [0x0000000082600000,0x000000008374deb0,0x0000000087a00000)
 Metaspace       used 20769K, capacity 20985K, committed 21296K, reserved 1069056K
  class space    used 2519K, capacity 2579K, committed 2688K, reserved 1048576K
Event: 2.226 GC heap after
Heap after GC invocations=7 (full 1):
 PSYoungGen      total 70656K, used 0K [0x00000000d6200000, 0x00000000dac00000, 0x0000000100000000)
  eden space 65536K, 0% used [0x00000000d6200000,0x00000000d6200000,0x00000000da200000)
  from space 5120K, 0% used [0x00000000da700000,0x00000000da700000,0x00000000dac00000)
  to   space 5120K, 0% used [0x00000000da200000,0x00000000da200000,0x00000000da700000)
 ParOldGen       total 66048K, used 16309K [0x0000000082600000, 0x0000000086680000, 0x00000000d6200000)
  object space 66048K, 24% used [0x0000000082600000,0x00000000835ed738,0x0000000086680000)
 Metaspace       used 20769K, capacity 20985K, committed 21296K, reserved 1069056K
  class space    used 2519K, capacity 2579K, committed 2688K, reserved 1048576K
}
Event: 25.306 GC heap before
{Heap before GC invocations=8 (full 1):
 PSYoungGen      total 70656K, used 65536K [0x00000000d6200000, 0x00000000dac00000, 0x0000000100000000)
  eden space 65536K, 100% used [0x00000000d6200000,0x00000000da200000,0x00000000da200000)
  from space 5120K, 0% used [0x00000000da700000,0x00000000da700000,0x00000000dac00000)
  to   space 5120K, 0% used [0x00000000da200000,0x00000000da200000,0x00000000da700000)
 ParOldGen       total 66048K, used 16309K [0x0000000082600000, 0x0000000086680000, 0x00000000d6200000)
  object space 66048K, 24% used [0x0000000082600000,0x00000000835ed738,0x0000000086680000)
 Metaspace       used 24180K, capacity 24527K, committed 24832K, reserved 1071104K
  class space    used 2925K, capacity 3043K, committed 3072K, reserved 1048576K
Event: 25.316 GC heap after
Heap after GC invocations=8 (full 1):
 PSYoungGen      total 70656K, used 5116K [0x00000000d6200000, 0x00000000de780000, 0x0000000100000000)
  eden space 65536K, 0% used [0x00000000d6200000,0x00000000d6200000,0x00000000da200000)
  from space 5120K, 99% used [0x00000000da200000,0x00000000da6ff040,0x00000000da700000)
  to   space 12800K, 0% used [0x00000000ddb00000,0x00000000ddb00000,0x00000000de780000)
 ParOldGen       total 66048K, used 17783K [0x0000000082600000, 0x0000000086680000, 0x00000000d6200000)
  object space 66048K, 26% used [0x0000000082600000,0x000000008375dff0,0x0000000086680000)
 Metaspace       used 24180K, capacity 24527K, committed 24832K, reserved 1071104K
  class space    used 2925K, capacity 3043K, committed 3072K, reserved 1048576K
}

