# JRE version: Java(TM) SE Runtime Environment (8.0_101-b13) (build 1.8.0_101-b13)
# Java VM: Java HotSpot(TM) 64-Bit Server VM (25.101-b13 mixed mode windows-amd64 compressed oops)
Heap:
 PSYoungGen      total 88064K, used 63960K [0x00000000d6200000, 0x00000000dba80000, 0x0000000100000000)
  eden space 85504K, 74% used [0x00000000d6200000,0x00000000da0661c8,0x00000000db580000)
  from space 2560K, 2% used [0x00000000db580000,0x00000000db590000,0x00000000db800000)
  to   space 2560K, 0% used [0x00000000db800000,0x00000000db800000,0x00000000dba80000)
 ParOldGen       total 86016K, used 47478K [0x0000000082600000, 0x0000000087a00000, 0x00000000d6200000)
  object space 86016K, 55% used [0x0000000082600000,0x000000008545da38,0x0000000087a00000)
 Metaspace       used 11224K, capacity 11426K, committed 11520K, reserved 1058816K
  class space    used 1194K, capacity 1259K, committed 1280K, reserved 1048576K
GC Heap History (10 events):
Event: 53.280 GC heap after
Heap after GC invocations=84 (full 0):
 PSYoungGen      total 88064K, used 64K [0x00000000d6200000, 0x00000000dba80000, 0x0000000100000000)
  eden space 85504K, 0% used [0x00000000d6200000,0x00000000d6200000,0x00000000db580000)
  from space 2560K, 2% used [0x00000000db800000,0x00000000db810000,0x00000000dba80000)
  to   space 2560K, 0% used [0x00000000db580000,0x00000000db580000,0x00000000db800000)
 ParOldGen       total 86016K, used 47438K [0x0000000082600000, 0x0000000087a00000, 0x00000000d6200000)
  object space 86016K, 55% used [0x0000000082600000,0x0000000085453a38,0x0000000087a00000)
 Metaspace       used 11212K, capacity 11426K, committed 11520K, reserved 1058816K
  class space    used 1194K, capacity 1259K, committed 1280K, reserved 1048576K
}
Event: 53.301 GC heap before
{Heap before GC invocations=85 (full 0):
 PSYoungGen      total 88064K, used 76457K [0x00000000d6200000, 0x00000000dba80000, 0x0000000100000000)
  eden space 85504K, 89% used [0x00000000d6200000,0x00000000dac9a780,0x00000000db580000)
  from space 2560K, 2% used [0x00000000db800000,0x00000000db810000,0x00000000dba80000)
  to   space 2560K, 0% used [0x00000000db580000,0x00000000db580000,0x00000000db800000)
 ParOldGen       total 86016K, used 47438K [0x0000000082600000, 0x0000000087a00000, 0x00000000d6200000)
  object space 86016K, 55% used [0x0000000082600000,0x0000000085453a38,0x0000000087a00000)
 Metaspace       used 11212K, capacity 11426K, committed 11520K, reserved 1058816K
  class space    used 1194K, capacity 1259K, committed 1280K, reserved 1048576K
Event: 53.302 GC heap after
Heap after GC invocations=85 (full 0):
 PSYoungGen      total 88064K, used 64K [0x00000000d6200000, 0x00000000dba80000, 0x0000000100000000)
  eden space 85504K, 0% used [0x00000000d6200000,0x00000000d6200000,0x00000000db580000)
  from space 2560K, 2% used [0x00000000db580000,0x00000000db590000,0x00000000db800000)
  to   space 2560K, 0% used [0x00000000db800000,0x00000000db800000,0x00000000dba80000)
 ParOldGen       total 86016K, used 47446K [0x0000000082600000, 0x0000000087a00000, 0x00000000d6200000)
  object space 86016K, 55% used [0x0000000082600000,0x0000000085455a38,0x0000000087a00000)
 Metaspace       used 11212K, capacity 11426K, committed 11520K, reserved 1058816K
  class space    used 1194K, capacity 1259K, committed 1280K, reserved 1048576K
}
Event: 53.323 GC heap before
{Heap before GC invocations=86 (full 0):
 PSYoungGen      total 88064K, used 76447K [0x00000000d6200000, 0x00000000dba80000, 0x0000000100000000)
  eden space 85504K, 89% used [0x00000000d6200000,0x00000000dac97cc0,0x00000000db580000)
  from space 2560K, 2% used [0x00000000db580000,0x00000000db590000,0x00000000db800000)
  to   space 2560K, 0% used [0x00000000db800000,0x00000000db800000,0x00000000dba80000)
 ParOldGen       total 86016K, used 47446K [0x0000000082600000, 0x0000000087a00000, 0x00000000d6200000)
  object space 86016K, 55% used [0x0000000082600000,0x0000000085455a38,0x0000000087a00000)
 Metaspace       used 11212K, capacity 11426K, committed 11520K, reserved 1058816K
  class space    used 1194K, capacity 1259K, committed 1280K, reserved 1048576K
Event: 53.324 GC heap after
Heap after GC invocations=86 (full 0):
 PSYoungGen      total 88064K, used 64K [0x00000000d6200000, 0x00000000dba80000, 0x0000000100000000)
  eden space 85504K, 0% used [0x00000000d6200000,0x00000000d6200000,0x00000000db580000)
  from space 2560K, 2% used [0x00000000db800000,0x00000000db810000,0x00000000dba80000)
  to   space 2560K, 0% used [0x00000000db580000,0x00000000db580000,0x00000000db800000)
 ParOldGen       total 86016K, used 47454K [0x0000000082600000, 0x0000000087a00000, 0x00000000d6200000)
  object space 86016K, 55% used [0x0000000082600000,0x0000000085457a38,0x0000000087a00000)
 Metaspace       used 11212K, capacity 11426K, committed 11520K, reserved 1058816K
  class space    used 1194K, capacity 1259K, committed 1280K, reserved 1048576K
}
Event: 53.348 GC heap before
{Heap before GC invocations=87 (full 0):
 PSYoungGen      total 88064K, used 76436K [0x00000000d6200000, 0x00000000dba80000, 0x0000000100000000)
  eden space 85504K, 89% used [0x00000000d6200000,0x00000000dac951c0,0x00000000db580000)
  from space 2560K, 2% used [0x00000000db800000,0x00000000db810000,0x00000000dba80000)
  to   space 2560K, 0% used [0x00000000db580000,0x00000000db580000,0x00000000db800000)
 ParOldGen       total 86016K, used 47454K [0x0000000082600000, 0x0000000087a00000, 0x00000000d6200000)
  object space 86016K, 55% used [0x0000000082600000,0x0000000085457a38,0x0000000087a00000)
 Metaspace       used 11212K, capacity 11426K, committed 11520K, reserved 1058816K
  class space    used 1194K, capacity 1259K, committed 1280K, reserved 1048576K
Event: 53.349 GC heap after
Heap after GC invocations=87 (full 0):
 PSYoungGen      total 88064K, used 64K [0x00000000d6200000, 0x00000000dba80000, 0x0000000100000000)
  eden space 85504K, 0% used [0x00000000d6200000,0x00000000d6200000,0x00000000db580000)
  from space 2560K, 2% used [0x00000000db580000,0x00000000db590000,0x00000000db800000)
  to   space 2560K, 0% used [0x00000000db800000,0x00000000db800000,0x00000000dba80000)
 ParOldGen       total 86016K, used 47462K [0x0000000082600000, 0x0000000087a00000, 0x00000000d6200000)
  object space 86016K, 55% used [0x0000000082600000,0x0000000085459a38,0x0000000087a00000)
 Metaspace       used 11212K, capacity 11426K, committed 11520K, reserved 1058816K
  class space    used 1194K, capacity 1259K, committed 1280K, reserved 1048576K
}
Event: 53.375 GC heap before
{Heap before GC invocations=88 (full 0):
 PSYoungGen      total 88064K, used 76425K [0x00000000d6200000, 0x00000000dba80000, 0x0000000100000000)
  eden space 85504K, 89% used [0x00000000d6200000,0x00000000dac92680,0x00000000db580000)
  from space 2560K, 2% used [0x00000000db580000,0x00000000db590000,0x00000000db800000)
  to   space 2560K, 0% used [0x00000000db800000,0x00000000db800000,0x00000000dba80000)
 ParOldGen       total 86016K, used 47462K [0x0000000082600000, 0x0000000087a00000, 0x00000000d6200000)
  object space 86016K, 55% used [0x0000000082600000,0x0000000085459a38,0x0000000087a00000)
 Metaspace       used 11224K, capacity 11426K, committed 11520K, reserved 1058816K
  class space    used 1194K, capacity 1259K, committed 1280K, reserved 1048576K
Event: 53.376 GC heap after
Heap after GC invocations=88 (full 0):
 PSYoungGen      total 88064K, used 64K [0x00000000d6200000, 0x00000000dba80000, 0x0000000100000000)
  eden space 85504K, 0% used [0x00000000d6200000,0x00000000d6200000,0x00000000db580000)
  from space 2560K, 2% used [0x00000000db800000,0x00000000db810000,0x00000000dba80000)
  to   space 2560K, 0% used [0x00000000db580000,0x00000000db580000,0x00000000db800000)
 ParOldGen       total 86016K, used 47470K [0x0000000082600000, 0x0000000087a00000, 0x00000000d6200000)
  object space 86016K, 55% used [0x0000000082600000,0x000000008545ba38,0x0000000087a00000)
 Metaspace       used 11224K, capacity 11426K, committed 11520K, reserved 1058816K
  class space    used 1194K, capacity 1259K, committed 1280K, reserved 1048576K
}
Event: 53.399 GC heap before
{Heap before GC invocations=89 (full 0):
 PSYoungGen      total 88064K, used 76414K [0x00000000d6200000, 0x00000000dba80000, 0x0000000100000000)
  eden space 85504K, 89% used [0x00000000d6200000,0x00000000dac8fbd8,0x00000000db580000)
  from space 2560K, 2% used [0x00000000db800000,0x00000000db810000,0x00000000dba80000)
  to   space 2560K, 0% used [0x00000000db580000,0x00000000db580000,0x00000000db800000)
 ParOldGen       total 86016K, used 47470K [0x0000000082600000, 0x0000000087a00000, 0x00000000d6200000)
  object space 86016K, 55% used [0x0000000082600000,0x000000008545ba38,0x0000000087a00000)
 Metaspace       used 11224K, capacity 11426K, committed 11520K, reserved 1058816K
  class space    used 1194K, capacity 1259K, committed 1280K, reserved 1048576K

